<?xml version="1.0" encoding="UTF-8"?>
<!-- Generated by org.testng.reporters.JUnitReportReporter -->
<testsuite hostname="DESKTOP-LPJ0J81" failures="0" tests="1" name="EndtoEnd.TestSignIn" time="32.423" errors="0" timestamp="2021-12-28T15:01:28 IST" skipped="0">
  <testcase classname="EndtoEnd.TestSignIn" name="Signin" time="32.423"/>
  <system-out/>
</testsuite> <!-- EndtoEnd.TestSignIn -->
